c:\users\buc03\downloads\ticket_system\src\ticket_management_system\debug\vc142.pdb
c:\users\buc03\downloads\ticket_system\src\ticket_management_system\debug\vc142.idb
c:\users\buc03\downloads\ticket_system\src\ticket_management_system\debug\seller.obj
c:\users\buc03\downloads\ticket_system\src\ticket_management_system\debug\searchticketui.obj
c:\users\buc03\downloads\ticket_system\src\ticket_management_system\debug\searchticket.obj
c:\users\buc03\downloads\ticket_system\src\ticket_management_system\debug\searchauctionticketui.obj
c:\users\buc03\downloads\ticket_system\src\ticket_management_system\debug\searchauctionticket.obj
c:\users\buc03\downloads\ticket_system\src\ticket_management_system\debug\registerticketui.obj
c:\users\buc03\downloads\ticket_system\src\ticket_management_system\debug\registerticket.obj
c:\users\buc03\downloads\ticket_system\src\ticket_management_system\debug\membermanager.obj
c:\users\buc03\downloads\ticket_system\src\ticket_management_system\debug\member.obj
c:\users\buc03\downloads\ticket_system\src\ticket_management_system\debug\main.obj
c:\users\buc03\downloads\ticket_system\src\ticket_management_system\debug\logoutui.obj
c:\users\buc03\downloads\ticket_system\src\ticket_management_system\debug\logout.obj
c:\users\buc03\downloads\ticket_system\src\ticket_management_system\debug\loginui.obj
c:\users\buc03\downloads\ticket_system\src\ticket_management_system\debug\login.obj
c:\users\buc03\downloads\ticket_system\src\ticket_management_system\debug\checkreservedticketui.obj
c:\users\buc03\downloads\ticket_system\src\ticket_management_system\debug\checkreservedticket.obj
c:\users\buc03\downloads\ticket_system\src\ticket_management_system\debug\checkenrolledticketui.obj
c:\users\buc03\downloads\ticket_system\src\ticket_management_system\debug\checkenrolledticket.obj
c:\users\buc03\downloads\ticket_system\src\ticket_management_system\debug\buyer.obj
c:\users\buc03\downloads\ticket_system\src\ticket_management_system\debug\auctionmanager.obj
c:\users\buc03\downloads\ticket_system\src\ticket_management_system\debug\withdrawui.obj
c:\users\buc03\downloads\ticket_system\src\ticket_management_system\debug\withdraw.obj
c:\users\buc03\downloads\ticket_system\src\ticket_management_system\debug\timer.obj
c:\users\buc03\downloads\ticket_system\src\ticket_management_system\debug\ticketmanager.obj
c:\users\buc03\downloads\ticket_system\src\ticket_management_system\debug\ticket.obj
c:\users\buc03\downloads\ticket_system\src\ticket_management_system\debug\signupui.obj
c:\users\buc03\downloads\ticket_system\src\ticket_management_system\debug\signup.obj
c:\users\buc03\downloads\ticket_system\src\debug\ticket_management_system.ilk
c:\users\buc03\downloads\ticket_system\src\debug\ticket_management_system.exe
c:\users\buc03\downloads\ticket_system\src\debug\ticket_management_system.pdb
c:\users\buc03\downloads\ticket_system\src\ticket_management_system\debug\ticket_m.3bd4c870.tlog\cl.command.1.tlog
c:\users\buc03\downloads\ticket_system\src\ticket_management_system\debug\ticket_m.3bd4c870.tlog\cl.read.1.tlog
c:\users\buc03\downloads\ticket_system\src\ticket_management_system\debug\ticket_m.3bd4c870.tlog\cl.write.1.tlog
c:\users\buc03\downloads\ticket_system\src\ticket_management_system\debug\ticket_m.3bd4c870.tlog\link.command.1.tlog
c:\users\buc03\downloads\ticket_system\src\ticket_management_system\debug\ticket_m.3bd4c870.tlog\link.read.1.tlog
c:\users\buc03\downloads\ticket_system\src\ticket_management_system\debug\ticket_m.3bd4c870.tlog\link.write.1.tlog
